find_executable: checking for brew... -------------------- no

--------------------

find_executable: checking for pacman... -------------------- no

--------------------

find_executable: checking for gcc... -------------------- yes

--------------------

find_executable: checking for pkg-config... -------------------- yes

--------------------

configure_compile_options: checking for outdated ImageMagick version (<= 6.7.7)... -------------------- no

Detected ImageMagick version: 6.7.8
--------------------

have_macro: checking for __GNUC__... -------------------- yes

"gcc -o conftest -I/home/ec2-user/.rvm/rubies/ruby-2.5.3/include/ruby-2.5.0/x86_64-linux -I/home/ec2-user/.rvm/rubies/ruby-2.5.3/include/ruby-2.5.0/ruby/backward -I/home/ec2-user/.rvm/rubies/ruby-2.5.3/include/ruby-2.5.0 -I.  -fopenmp -I/usr/include/ImageMagick    -fopenmp -I/usr/include/ImageMagick   conftest.c  -L. -L/home/ec2-user/.rvm/rubies/ruby-2.5.3/lib -Wl,-rpath,/home/ec2-user/.rvm/rubies/ruby-2.5.3/lib  -lMagickCore      -lMagickCore    -Wl,-rpath,/home/ec2-user/.rvm/rubies/ruby-2.5.3/lib -L/home/ec2-user/.rvm/rubies/ruby-2.5.3/lib -lruby  -lpthread -ldl -lcrypt -lm   -lc"
checked program was:
/* begin */
1: #include "ruby.h"
2: 
3: int main(int argc, char **argv)
4: {
5:   return 0;
6: }
/* end */

"gcc -I/home/ec2-user/.rvm/rubies/ruby-2.5.3/include/ruby-2.5.0/x86_64-linux -I/home/ec2-user/.rvm/rubies/ruby-2.5.3/include/ruby-2.5.0/ruby/backward -I/home/ec2-user/.rvm/rubies/ruby-2.5.3/include/ruby-2.5.0 -I.  -fopenmp -I/usr/include/ImageMagick    -fopenmp -I/usr/include/ImageMagick     -c conftest.c"
checked program was:
/* begin */
1: #include "ruby.h"
2: 
3: /*top*/
4: #ifndef __GNUC__
5: # error
6: |:/ === __GNUC__ undefined === /:|
7: #endif
/* end */

--------------------

assert_minimum_ruby_version!: checking for Ruby version >= 2.3.0... -------------------- yes

--------------------

have_header: checking for magick/MagickCore.h... -------------------- yes

"gcc -E -I/home/ec2-user/.rvm/rubies/ruby-2.5.3/include/ruby-2.5.0/x86_64-linux -I/home/ec2-user/.rvm/rubies/ruby-2.5.3/include/ruby-2.5.0/ruby/backward -I/home/ec2-user/.rvm/rubies/ruby-2.5.3/include/ruby-2.5.0 -I.  -fopenmp -I/usr/include/ImageMagick    -fopenmp -I/usr/include/ImageMagick   -std=gnu99  conftest.c -o conftest.i"
checked program was:
/* begin */
1: #include "ruby.h"
2: 
3: #include <magick/MagickCore.h>
/* end */

--------------------

have_func: checking for GetImageChannelEntropy() in assert.h,ctype.h,stdio.h,stdlib.h,math.h,time.h,sys/types.h,magick/MagickCore.h... -------------------- no

"gcc -o conftest -I/home/ec2-user/.rvm/rubies/ruby-2.5.3/include/ruby-2.5.0/x86_64-linux -I/home/ec2-user/.rvm/rubies/ruby-2.5.3/include/ruby-2.5.0/ruby/backward -I/home/ec2-user/.rvm/rubies/ruby-2.5.3/include/ruby-2.5.0 -I.  -fopenmp -I/usr/include/ImageMagick    -fopenmp -I/usr/include/ImageMagick   -std=gnu99 conftest.c  -L. -L/home/ec2-user/.rvm/rubies/ruby-2.5.3/lib -Wl,-rpath,/home/ec2-user/.rvm/rubies/ruby-2.5.3/lib  -lMagickCore      -lMagickCore    -Wl,-rpath,/home/ec2-user/.rvm/rubies/ruby-2.5.3/lib -L/home/ec2-user/.rvm/rubies/ruby-2.5.3/lib -lruby  -lpthread -ldl -lcrypt -lm   -lc"
conftest.c: In function ‘t’:
conftest.c:22:57: error: ‘GetImageChannelEntropy’ undeclared (first use in this function)
 int t(void) { void ((*volatile p)()); p = (void ((*)()))GetImageChannelEntropy; return !p; }
                                                         ^
conftest.c:22:57: note: each undeclared identifier is reported only once for each function it appears in
checked program was:
/* begin */
 1: #include "ruby.h"
 2: 
 3: #include <assert.h>
 4: #include <ctype.h>
 5: #include <stdio.h>
 6: #include <stdlib.h>
 7: #include <math.h>
 8: #include <time.h>
 9: #include <sys/types.h>
10: #include <magick/MagickCore.h>
11: 
12: /*top*/
13: extern int t(void);
14: int main(int argc, char **argv)
15: {
16:   if (argc > 1000000) {
17:     printf("%p", &t);
18:   }
19: 
20:   return 0;
21: }
22: int t(void) { void ((*volatile p)()); p = (void ((*)()))GetImageChannelEntropy; return !p; }
/* end */

"gcc -o conftest -I/home/ec2-user/.rvm/rubies/ruby-2.5.3/include/ruby-2.5.0/x86_64-linux -I/home/ec2-user/.rvm/rubies/ruby-2.5.3/include/ruby-2.5.0/ruby/backward -I/home/ec2-user/.rvm/rubies/ruby-2.5.3/include/ruby-2.5.0 -I.  -fopenmp -I/usr/include/ImageMagick    -fopenmp -I/usr/include/ImageMagick   -std=gnu99 conftest.c  -L. -L/home/ec2-user/.rvm/rubies/ruby-2.5.3/lib -Wl,-rpath,/home/ec2-user/.rvm/rubies/ruby-2.5.3/lib  -lMagickCore      -lMagickCore    -Wl,-rpath,/home/ec2-user/.rvm/rubies/ruby-2.5.3/lib -L/home/ec2-user/.rvm/rubies/ruby-2.5.3/lib -lruby  -lpthread -ldl -lcrypt -lm   -lc"
/tmp/ccOgabRZ.o: In function `t':
conftest.c:(.text+0x3d): undefined reference to `GetImageChannelEntropy'
collect2: error: ld returned 1 exit status
checked program was:
/* begin */
 1: #include "ruby.h"
 2: 
 3: #include <assert.h>
 4: #include <ctype.h>
 5: #include <stdio.h>
 6: #include <stdlib.h>
 7: #include <math.h>
 8: #include <time.h>
 9: #include <sys/types.h>
10: #include <magick/MagickCore.h>
11: 
12: /*top*/
13: extern int t(void);
14: int main(int argc, char **argv)
15: {
16:   if (argc > 1000000) {
17:     printf("%p", &t);
18:   }
19: 
20:   return 0;
21: }
22: extern void GetImageChannelEntropy();
23: int t(void) { GetImageChannelEntropy(); return 0; }
/* end */

--------------------

have_func: checking for SetImageGray() in assert.h,ctype.h,stdio.h,stdlib.h,math.h,time.h,sys/types.h,magick/MagickCore.h... -------------------- no

"gcc -o conftest -I/home/ec2-user/.rvm/rubies/ruby-2.5.3/include/ruby-2.5.0/x86_64-linux -I/home/ec2-user/.rvm/rubies/ruby-2.5.3/include/ruby-2.5.0/ruby/backward -I/home/ec2-user/.rvm/rubies/ruby-2.5.3/include/ruby-2.5.0 -I.  -fopenmp -I/usr/include/ImageMagick    -fopenmp -I/usr/include/ImageMagick   -std=gnu99 conftest.c  -L. -L/home/ec2-user/.rvm/rubies/ruby-2.5.3/lib -Wl,-rpath,/home/ec2-user/.rvm/rubies/ruby-2.5.3/lib  -lMagickCore      -lMagickCore    -Wl,-rpath,/home/ec2-user/.rvm/rubies/ruby-2.5.3/lib -L/home/ec2-user/.rvm/rubies/ruby-2.5.3/lib -lruby  -lpthread -ldl -lcrypt -lm   -lc"
conftest.c: In function ‘t’:
conftest.c:22:57: error: ‘SetImageGray’ undeclared (first use in this function)
 int t(void) { void ((*volatile p)()); p = (void ((*)()))SetImageGray; return !p; }
                                                         ^
conftest.c:22:57: note: each undeclared identifier is reported only once for each function it appears in
checked program was:
/* begin */
 1: #include "ruby.h"
 2: 
 3: #include <assert.h>
 4: #include <ctype.h>
 5: #include <stdio.h>
 6: #include <stdlib.h>
 7: #include <math.h>
 8: #include <time.h>
 9: #include <sys/types.h>
10: #include <magick/MagickCore.h>
11: 
12: /*top*/
13: extern int t(void);
14: int main(int argc, char **argv)
15: {
16:   if (argc > 1000000) {
17:     printf("%p", &t);
18:   }
19: 
20:   return 0;
21: }
22: int t(void) { void ((*volatile p)()); p = (void ((*)()))SetImageGray; return !p; }
/* end */

"gcc -o conftest -I/home/ec2-user/.rvm/rubies/ruby-2.5.3/include/ruby-2.5.0/x86_64-linux -I/home/ec2-user/.rvm/rubies/ruby-2.5.3/include/ruby-2.5.0/ruby/backward -I/home/ec2-user/.rvm/rubies/ruby-2.5.3/include/ruby-2.5.0 -I.  -fopenmp -I/usr/include/ImageMagick    -fopenmp -I/usr/include/ImageMagick   -std=gnu99 conftest.c  -L. -L/home/ec2-user/.rvm/rubies/ruby-2.5.3/lib -Wl,-rpath,/home/ec2-user/.rvm/rubies/ruby-2.5.3/lib  -lMagickCore      -lMagickCore    -Wl,-rpath,/home/ec2-user/.rvm/rubies/ruby-2.5.3/lib -L/home/ec2-user/.rvm/rubies/ruby-2.5.3/lib -lruby  -lpthread -ldl -lcrypt -lm   -lc"
/tmp/ccdAwsI6.o: In function `t':
conftest.c:(.text+0x3d): undefined reference to `SetImageGray'
collect2: error: ld returned 1 exit status
checked program was:
/* begin */
 1: #include "ruby.h"
 2: 
 3: #include <assert.h>
 4: #include <ctype.h>
 5: #include <stdio.h>
 6: #include <stdlib.h>
 7: #include <math.h>
 8: #include <time.h>
 9: #include <sys/types.h>
10: #include <magick/MagickCore.h>
11: 
12: /*top*/
13: extern int t(void);
14: int main(int argc, char **argv)
15: {
16:   if (argc > 1000000) {
17:     printf("%p", &t);
18:   }
19: 
20:   return 0;
21: }
22: extern void SetImageGray();
23: int t(void) { SetImageGray(); return 0; }
/* end */

--------------------

extconf.h is:
/* begin */
1: #ifndef EXTCONF_H
2: #define EXTCONF_H
3: #define HAVE_MAGICK_MAGICKCORE_H 1
4: #define RUBY_VERSION_STRING ruby 2.5.3
5: #define RMAGICK_VERSION_STRING RMagick 4.0.0
6: #endif
/* end */



======================================================================
Sun 15 Sep 19 10:49:27
This installation of RMagick 4.0.0 is configured for
Ruby 2.5.3 (x86_64-linux) and ImageMagick 6.7.8
======================================================================


Configured compile options: {:magick_version=>"6.7.8", :local_libs=>" -lMagickCore  ", :cflags=>" -fopenmp -I/usr/include/ImageMagick   -std=gnu99", :cppflags=>" -fopenmp -I/usr/include/ImageMagick  ", :ldflags=>" -lMagickCore  ", :defs=>[], :config_h=>"Makefile rmagick.h"}